I0415 00:37:22.966000 3933575 site-packages/torch/distributed/run.py:675] Using nproc_per_node=8.
W0415 00:37:22.966000 3933575 site-packages/torch/distributed/run.py:792] 
W0415 00:37:22.966000 3933575 site-packages/torch/distributed/run.py:792] *****************************************
W0415 00:37:22.966000 3933575 site-packages/torch/distributed/run.py:792] Setting OMP_NUM_THREADS environment variable for each process to be 1 in default, to avoid your system being overloaded, please further tune the variable for optimal performance in your application as needed. 
W0415 00:37:22.966000 3933575 site-packages/torch/distributed/run.py:792] *****************************************
I0415 00:37:22.967000 3933575 site-packages/torch/distributed/launcher/api.py:194] Starting elastic_operator with launch configs:
I0415 00:37:22.967000 3933575 site-packages/torch/distributed/launcher/api.py:194]   entrypoint       : train_scripts.train
I0415 00:37:22.967000 3933575 site-packages/torch/distributed/launcher/api.py:194]   min_nodes        : 2
I0415 00:37:22.967000 3933575 site-packages/torch/distributed/launcher/api.py:194]   max_nodes        : 2
I0415 00:37:22.967000 3933575 site-packages/torch/distributed/launcher/api.py:194]   nproc_per_node   : 8
I0415 00:37:22.967000 3933575 site-packages/torch/distributed/launcher/api.py:194]   run_id           : 10500
I0415 00:37:22.967000 3933575 site-packages/torch/distributed/launcher/api.py:194]   rdzv_backend     : c10d
I0415 00:37:22.967000 3933575 site-packages/torch/distributed/launcher/api.py:194]   rdzv_endpoint    : 10.65.31.207:29500
I0415 00:37:22.967000 3933575 site-packages/torch/distributed/launcher/api.py:194]   rdzv_configs     : {'timeout': 900}
I0415 00:37:22.967000 3933575 site-packages/torch/distributed/launcher/api.py:194]   max_restarts     : 0
I0415 00:37:22.967000 3933575 site-packages/torch/distributed/launcher/api.py:194]   monitor_interval : 0.1
I0415 00:37:22.967000 3933575 site-packages/torch/distributed/launcher/api.py:194]   log_dir          : /tmp/torchelastic_izrokl24
I0415 00:37:22.967000 3933575 site-packages/torch/distributed/launcher/api.py:194]   metrics_cfg      : {}
I0415 00:37:22.967000 3933575 site-packages/torch/distributed/launcher/api.py:194] 
srun: Job step aborted: Waiting up to 122 seconds for job step to finish.
Apr 15 00:37:26.562567 2492960 slurmstepd   0x15555286c640: error: *** JOB 2395864 ON cw-dfw-h100-004-211-013 CANCELLED AT 2025-04-15T00:37:26 ***
Apr 15 00:37:26.562902 2492999 slurmstepd   0x15555191e640: error: *** STEP 2395864.1 ON cw-dfw-h100-004-211-013 CANCELLED AT 2025-04-15T00:37:26 ***
